<?xml version="1.0" encoding="UTF-8"?>
<testng-results ignored="0" total="3" passed="1" failed="2" skipped="0">
  <reporter-output>
  </reporter-output>
  <suite started-at="2025-05-06T17:50:45 IST" name="HRMS Automation Suite" finished-at="2025-05-06T18:02:15 IST" duration-ms="690467">
    <groups>
    </groups>
    <test started-at="2025-05-06T17:50:45 IST" name="Test" finished-at="2025-05-06T18:02:15 IST" duration-ms="690467">
      <class name="tests.MainTestN">
        <test-method is-config="true" signature="ReportSetup()[pri:0, instance:tests.MainTestN@704deff2]" started-at="2025-05-06T17:50:45 IST" name="ReportSetup" finished-at="2025-05-06T17:50:45 IST" duration-ms="318" status="PASS">
          <reporter-output>
          </reporter-output>
        </test-method> <!-- ReportSetup -->
        <test-method is-config="true" signature="BrowserSetup(java.lang.reflect.Method)[pri:0, instance:tests.MainTestN@704deff2]" started-at="2025-05-06T17:50:45 IST" name="BrowserSetup" finished-at="2025-05-06T17:50:53 IST" duration-ms="7508" status="PASS">
          <params>
            <param index="0">
              <value>
                <![CDATA[public void tests.MainTestN.Onboard_Emp() throws java.lang.Exception]]>
              </value>
            </param>
          </params>
          <reporter-output>
          </reporter-output>
        </test-method> <!-- BrowserSetup -->
        <test-method signature="Onboard_Emp()[pri:1, instance:tests.MainTestN@704deff2]" started-at="2025-05-06T17:50:53 IST" name="Onboard_Emp" finished-at="2025-05-06T18:00:39 IST" duration-ms="586022" status="PASS">
          <reporter-output>
          </reporter-output>
        </test-method> <!-- Onboard_Emp -->
        <test-method is-config="true" signature="TestResult_BrowserClose(org.testng.ITestResult)[pri:0, instance:tests.MainTestN@704deff2]" started-at="2025-05-06T18:00:39 IST" name="TestResult_BrowserClose" finished-at="2025-05-06T18:00:47 IST" duration-ms="8275" status="PASS">
          <params>
            <param index="0">
              <value>
                <![CDATA[[TestResult name=Onboard_Emp status=SUCCESS method=MainTestN.Onboard_Emp()[pri:1, instance:tests.MainTestN@704deff2] output={null}]]]>
              </value>
            </param>
          </params>
          <reporter-output>
          </reporter-output>
        </test-method> <!-- TestResult_BrowserClose -->
        <test-method is-config="true" signature="BrowserSetup(java.lang.reflect.Method)[pri:0, instance:tests.MainTestN@704deff2]" started-at="2025-05-06T18:00:47 IST" name="BrowserSetup" finished-at="2025-05-06T18:00:54 IST" duration-ms="6749" status="PASS">
          <params>
            <param index="0">
              <value>
                <![CDATA[public void tests.MainTestN.GoDashboard() throws java.lang.Exception]]>
              </value>
            </param>
          </params>
          <reporter-output>
          </reporter-output>
        </test-method> <!-- BrowserSetup -->
        <test-method signature="GoDashboard()[pri:2, instance:tests.MainTestN@704deff2]" started-at="2025-05-06T18:00:54 IST" name="GoDashboard" finished-at="2025-05-06T18:01:02 IST" duration-ms="8262" status="FAIL">
          <exception class="java.lang.AssertionError">
            <message>
              <![CDATA[expected [HRMS Dashboard] but found [Onboarding the Employee]]]>
            </message>
            <full-stacktrace>
              <![CDATA[java.lang.AssertionError: expected [HRMS Dashboard] but found [Onboarding the Employee]
at org.testng.Assert.fail(Assert.java:111)
at org.testng.Assert.failNotEquals(Assert.java:1578)
at org.testng.Assert.assertEqualsImpl(Assert.java:150)
at org.testng.Assert.assertEquals(Assert.java:132)
at org.testng.Assert.assertEquals(Assert.java:656)
at org.testng.Assert.assertEquals(Assert.java:666)
at pages.Dashboard.onboard_New(Dashboard.java:35)
at tests.MainTestN.GoDashboard(MainTestN.java:125)
at java.base/jdk.internal.reflect.DirectMethodHandleAccessor.invoke(DirectMethodHandleAccessor.java:103)
at java.base/java.lang.reflect.Method.invoke(Method.java:580)
at org.testng.internal.invokers.MethodInvocationHelper.invokeMethod(MethodInvocationHelper.java:141)
at org.testng.internal.invokers.TestInvoker.invokeMethod(TestInvoker.java:686)
at org.testng.internal.invokers.TestInvoker.invokeTestMethod(TestInvoker.java:230)
at org.testng.internal.invokers.MethodRunner.runInSequence(MethodRunner.java:63)
at org.testng.internal.invokers.TestInvoker$MethodInvocationAgent.invoke(TestInvoker.java:992)
at org.testng.internal.invokers.TestInvoker.invokeTestMethods(TestInvoker.java:203)
at org.testng.internal.invokers.TestMethodWorker.invokeTestMethods(TestMethodWorker.java:154)
at org.testng.internal.invokers.TestMethodWorker.run(TestMethodWorker.java:134)
at java.base/java.util.ArrayList.forEach(ArrayList.java:1596)
at org.testng.TestRunner.privateRun(TestRunner.java:739)
at org.testng.TestRunner.run(TestRunner.java:614)
at org.testng.SuiteRunner.runTest(SuiteRunner.java:421)
at org.testng.SuiteRunner.runSequentially(SuiteRunner.java:413)
at org.testng.SuiteRunner.privateRun(SuiteRunner.java:373)
at org.testng.SuiteRunner.run(SuiteRunner.java:312)
at org.testng.SuiteRunnerWorker.runSuite(SuiteRunnerWorker.java:52)
at org.testng.SuiteRunnerWorker.run(SuiteRunnerWorker.java:95)
at org.testng.TestNG.runSuitesSequentially(TestNG.java:1274)
at org.testng.TestNG.runSuitesLocally(TestNG.java:1208)
at org.testng.TestNG.runSuites(TestNG.java:1112)
at org.testng.TestNG.run(TestNG.java:1079)
at org.testng.remote.AbstractRemoteTestNG.run(AbstractRemoteTestNG.java:115)
at org.testng.remote.RemoteTestNG.initAndRun(RemoteTestNG.java:293)
at org.testng.remote.RemoteTestNG.main(RemoteTestNG.java:91)
]]>
            </full-stacktrace>
          </exception> <!-- java.lang.AssertionError -->
          <reporter-output>
          </reporter-output>
        </test-method> <!-- GoDashboard -->
        <test-method is-config="true" signature="TestResult_BrowserClose(org.testng.ITestResult)[pri:0, instance:tests.MainTestN@704deff2]" started-at="2025-05-06T18:01:02 IST" name="TestResult_BrowserClose" finished-at="2025-05-06T18:01:11 IST" duration-ms="8697" status="PASS">
          <params>
            <param index="0">
              <value>
                <![CDATA[[TestResult name=GoDashboard status=FAILURE method=MainTestN.GoDashboard()[pri:2, instance:tests.MainTestN@704deff2] output={null}]]]>
              </value>
            </param>
          </params>
          <reporter-output>
          </reporter-output>
        </test-method> <!-- TestResult_BrowserClose -->
        <test-method is-config="true" signature="BrowserSetup(java.lang.reflect.Method)[pri:0, instance:tests.MainTestN@704deff2]" started-at="2025-05-06T18:01:11 IST" name="BrowserSetup" finished-at="2025-05-06T18:01:17 IST" duration-ms="6714" status="PASS">
          <params>
            <param index="0">
              <value>
                <![CDATA[public void tests.MainTestN.GoPension() throws java.lang.Exception]]>
              </value>
            </param>
          </params>
          <reporter-output>
          </reporter-output>
        </test-method> <!-- BrowserSetup -->
        <test-method signature="GoPension()[pri:3, instance:tests.MainTestN@704deff2]" started-at="2025-05-06T18:01:17 IST" name="GoPension" finished-at="2025-05-06T18:02:07 IST" duration-ms="49427" status="FAIL">
          <exception class="org.openqa.selenium.StaleElementReferenceException">
            <message>
              <![CDATA[stale element reference: stale element not found in the current frame
  (Session info: chrome=135.0.7049.115)
For documentation on this error, please visit: https://www.selenium.dev/documentation/webdriver/troubleshooting/errors#stale-element-reference-exception
Build info: version: '4.31.0', revision: '1ef9f18787*'
System info: os.name: 'Windows 11', os.arch: 'amd64', os.version: '10.0', java.version: '21.0.4'
Driver info: org.openqa.selenium.chrome.ChromeDriver
Command: [cafe057602ef346d8af786aae912c5d9, clickElement {id=f.96DF66B9E865AE79756F20789A9545BA.d.C0149BE30354C64C186B5DB78534A032.e.71}]
Capabilities {acceptInsecureCerts: false, browserName: chrome, browserVersion: 135.0.7049.115, chrome: {chromedriverVersion: 135.0.7049.114 (63fd8a7d9d0..., userDataDir: C:\Users\aadrika\AppData\Lo...}, fedcm:accounts: true, goog:chromeOptions: {debuggerAddress: localhost:53547}, networkConnectionEnabled: false, pageLoadStrategy: normal, platformName: windows, proxy: Proxy(), se:cdp: ws://localhost:53547/devtoo..., se:cdpVersion: 135.0.7049.115, setWindowRect: true, strictFileInteractability: false, timeouts: {implicit: 0, pageLoad: 300000, script: 30000}, unhandledPromptBehavior: dismiss and notify, webauthn:extension:credBlob: true, webauthn:extension:largeBlob: true, webauthn:extension:minPinLength: true, webauthn:extension:prf: true, webauthn:virtualAuthenticators: true}
Element: [[ChromeDriver: chrome on windows (cafe057602ef346d8af786aae912c5d9)] -> xpath: (//div[@class='flex items-center justify-around']//a[@class=' scale-125'])[1]]
Session ID: cafe057602ef346d8af786aae912c5d9]]>
            </message>
            <full-stacktrace>
              <![CDATA[org.openqa.selenium.StaleElementReferenceException: stale element reference: stale element not found in the current frame
  (Session info: chrome=135.0.7049.115)
For documentation on this error, please visit: https://www.selenium.dev/documentation/webdriver/troubleshooting/errors#stale-element-reference-exception
Build info: version: '4.31.0', revision: '1ef9f18787*'
System info: os.name: 'Windows 11', os.arch: 'amd64', os.version: '10.0', java.version: '21.0.4'
Driver info: org.openqa.selenium.chrome.ChromeDriver
Command: [cafe057602ef346d8af786aae912c5d9, clickElement {id=f.96DF66B9E865AE79756F20789A9545BA.d.C0149BE30354C64C186B5DB78534A032.e.71}]
Capabilities {acceptInsecureCerts: false, browserName: chrome, browserVersion: 135.0.7049.115, chrome: {chromedriverVersion: 135.0.7049.114 (63fd8a7d9d0..., userDataDir: C:\Users\aadrika\AppData\Lo...}, fedcm:accounts: true, goog:chromeOptions: {debuggerAddress: localhost:53547}, networkConnectionEnabled: false, pageLoadStrategy: normal, platformName: windows, proxy: Proxy(), se:cdp: ws://localhost:53547/devtoo..., se:cdpVersion: 135.0.7049.115, setWindowRect: true, strictFileInteractability: false, timeouts: {implicit: 0, pageLoad: 300000, script: 30000}, unhandledPromptBehavior: dismiss and notify, webauthn:extension:credBlob: true, webauthn:extension:largeBlob: true, webauthn:extension:minPinLength: true, webauthn:extension:prf: true, webauthn:virtualAuthenticators: true}
Element: [[ChromeDriver: chrome on windows (cafe057602ef346d8af786aae912c5d9)] -> xpath: (//div[@class='flex items-center justify-around']//a[@class=' scale-125'])[1]]
Session ID: cafe057602ef346d8af786aae912c5d9
at java.base/jdk.internal.reflect.DirectConstructorHandleAccessor.newInstance(DirectConstructorHandleAccessor.java:62)
at java.base/java.lang.reflect.Constructor.newInstanceWithCaller(Constructor.java:502)
at java.base/java.lang.reflect.Constructor.newInstance(Constructor.java:486)
at org.openqa.selenium.remote.ErrorCodec.decode(ErrorCodec.java:167)
at org.openqa.selenium.remote.codec.w3c.W3CHttpResponseCodec.decode(W3CHttpResponseCodec.java:138)
at org.openqa.selenium.remote.codec.w3c.W3CHttpResponseCodec.decode(W3CHttpResponseCodec.java:50)
at org.openqa.selenium.remote.HttpCommandExecutor.execute(HttpCommandExecutor.java:215)
at org.openqa.selenium.remote.service.DriverCommandExecutor.invokeExecute(DriverCommandExecutor.java:216)
at org.openqa.selenium.remote.service.DriverCommandExecutor.execute(DriverCommandExecutor.java:174)
at org.openqa.selenium.remote.RemoteWebDriver.execute(RemoteWebDriver.java:545)
at org.openqa.selenium.remote.RemoteWebElement.execute(RemoteWebElement.java:223)
at org.openqa.selenium.remote.RemoteWebElement.click(RemoteWebElement.java:76)
at pages.Pension_Management.pension_manag(Pension_Management.java:72)
at tests.MainTestN.GoPension(MainTestN.java:136)
at java.base/jdk.internal.reflect.DirectMethodHandleAccessor.invoke(DirectMethodHandleAccessor.java:103)
at java.base/java.lang.reflect.Method.invoke(Method.java:580)
at org.testng.internal.invokers.MethodInvocationHelper.invokeMethod(MethodInvocationHelper.java:141)
at org.testng.internal.invokers.TestInvoker.invokeMethod(TestInvoker.java:686)
at org.testng.internal.invokers.TestInvoker.invokeTestMethod(TestInvoker.java:230)
at org.testng.internal.invokers.MethodRunner.runInSequence(MethodRunner.java:63)
at org.testng.internal.invokers.TestInvoker$MethodInvocationAgent.invoke(TestInvoker.java:992)
at org.testng.internal.invokers.TestInvoker.invokeTestMethods(TestInvoker.java:203)
at org.testng.internal.invokers.TestMethodWorker.invokeTestMethods(TestMethodWorker.java:154)
at org.testng.internal.invokers.TestMethodWorker.run(TestMethodWorker.java:134)
at java.base/java.util.ArrayList.forEach(ArrayList.java:1596)
at org.testng.TestRunner.privateRun(TestRunner.java:739)
at org.testng.TestRunner.run(TestRunner.java:614)
at org.testng.SuiteRunner.runTest(SuiteRunner.java:421)
at org.testng.SuiteRunner.runSequentially(SuiteRunner.java:413)
at org.testng.SuiteRunner.privateRun(SuiteRunner.java:373)
at org.testng.SuiteRunner.run(SuiteRunner.java:312)
at org.testng.SuiteRunnerWorker.runSuite(SuiteRunnerWorker.java:52)
at org.testng.SuiteRunnerWorker.run(SuiteRunnerWorker.java:95)
at org.testng.TestNG.runSuitesSequentially(TestNG.java:1274)
at org.testng.TestNG.runSuitesLocally(TestNG.java:1208)
at org.testng.TestNG.runSuites(TestNG.java:1112)
at org.testng.TestNG.run(TestNG.java:1079)
at org.testng.remote.AbstractRemoteTestNG.run(AbstractRemoteTestNG.java:115)
at org.testng.remote.RemoteTestNG.initAndRun(RemoteTestNG.java:293)
at org.testng.remote.RemoteTestNG.main(RemoteTestNG.java:91)
]]>
            </full-stacktrace>
          </exception> <!-- org.openqa.selenium.StaleElementReferenceException -->
          <reporter-output>
          </reporter-output>
        </test-method> <!-- GoPension -->
        <test-method is-config="true" signature="TestResult_BrowserClose(org.testng.ITestResult)[pri:0, instance:tests.MainTestN@704deff2]" started-at="2025-05-06T18:02:07 IST" name="TestResult_BrowserClose" finished-at="2025-05-06T18:02:15 IST" duration-ms="8765" status="PASS">
          <params>
            <param index="0">
              <value>
                <![CDATA[[TestResult name=GoPension status=FAILURE method=MainTestN.GoPension()[pri:3, instance:tests.MainTestN@704deff2] output={null}]]]>
              </value>
            </param>
          </params>
          <reporter-output>
          </reporter-output>
        </test-method> <!-- TestResult_BrowserClose -->
        <test-method is-config="true" signature="ReportClose()[pri:0, instance:tests.MainTestN@704deff2]" started-at="2025-05-06T18:02:15 IST" name="ReportClose" finished-at="2025-05-06T18:02:16 IST" duration-ms="272" status="PASS">
          <reporter-output>
          </reporter-output>
        </test-method> <!-- ReportClose -->
      </class> <!-- tests.MainTestN -->
    </test> <!-- Test -->
  </suite> <!-- HRMS Automation Suite -->
</testng-results>
